<?xml version="1.0" encoding="UTF-8"?>
<!-- Generated by org.testng.reporters.JUnitXMLReporter -->
<testsuite hostname="DESKTOP-S2RUCVN" ignored="0" name="Default test" tests="7" failures="0" timestamp="2021-09-17T09:30:52 IST" time="95.833" errors="0">
  <testcase name="launchBrowser" time="25.888" classname="com.sgtesng.dataprovider.TestNgAssignment1"/>
  <testcase name="navigate" time="20.46" classname="com.sgtesng.dataprovider.TestNgAssignment1"/>
  <testcase name="login" time="18.33" classname="com.sgtesng.dataprovider.TestNgAssignment1"/>
  <testcase name="createUser" time="19.529" classname="com.sgtesng.dataprovider.TestNgAssignment1"/>
  <testcase name="deleteUser" time="6.384" classname="com.sgtesng.dataprovider.TestNgAssignment1"/>
  <testcase name="logout" time="1.936" classname="com.sgtesng.dataprovider.TestNgAssignment1"/>
  <testcase name="closeApplication" time="3.144" classname="com.sgtesng.dataprovider.TestNgAssignment1"/>
</testsuite> <!-- Default test -->
