<?xml version="1.0" encoding="UTF-8"?>
<!-- Generated by org.testng.reporters.JUnitXMLReporter -->
<testsuite hostname="DESKTOP-S2RUCVN" ignored="0" name="Test case1" tests="39" failures="0" timestamp="2021-09-17T00:12:44 IST" time="235.182" errors="0">
  <testcase name="launchBrowser" time="3.114" classname="com.sgtesng.dataprovider.TestNgAssignment1"/>
  <testcase name="navigate" time="8.367" classname="com.sgtesng.dataprovider.TestNgAssignment1"/>
  <testcase name="login" time="6.416" classname="com.sgtesng.dataprovider.TestNgAssignment1"/>
  <testcase name="createUser" time="12.587" classname="com.sgtesng.dataprovider.TestNgAssignment1"/>
  <testcase name="deleteUser" time="6.593" classname="com.sgtesng.dataprovider.TestNgAssignment1"/>
  <testcase name="logout" time="2.417" classname="com.sgtesng.dataprovider.TestNgAssignment1"/>
  <testcase name="closeApplication" time="1.019" classname="com.sgtesng.dataprovider.TestNgAssignment1"/>
  <testcase name="launchBrowser" time="2.723" classname="com.sgtesng.dataprovider.TestNgAssignment2"/>
  <testcase name="navigate" time="8.172" classname="com.sgtesng.dataprovider.TestNgAssignment2"/>
  <testcase name="login" time="9.746" classname="com.sgtesng.dataprovider.TestNgAssignment2"/>
  <testcase name="createUser" time="11.617" classname="com.sgtesng.dataprovider.TestNgAssignment2"/>
  <testcase name="modifyUser" time="17.629" classname="com.sgtesng.dataprovider.TestNgAssignment2"/>
  <testcase name="deleteUser" time="8.216" classname="com.sgtesng.dataprovider.TestNgAssignment2"/>
  <testcase name="logout" time="2.568" classname="com.sgtesng.dataprovider.TestNgAssignment2"/>
  <testcase name="closeApplication" time="3.868" classname="com.sgtesng.dataprovider.TestNgAssignment2"/>
  <testcase name="launchBrowser" time="9.162" classname="com.sgtesng.dataprovider.TestNgAssignment3"/>
  <testcase name="navigate" time="10.022" classname="com.sgtesng.dataprovider.TestNgAssignment3"/>
  <testcase name="login" time="6.421" classname="com.sgtesng.dataprovider.TestNgAssignment3"/>
  <testcase name="createCustomer" time="17.045" classname="com.sgtesng.dataprovider.TestNgAssignment3"/>
  <testcase name="deleteCustomer" time="6.387" classname="com.sgtesng.dataprovider.TestNgAssignment3"/>
  <testcase name="logout" time="2.567" classname="com.sgtesng.dataprovider.TestNgAssignment3"/>
  <testcase name="closeApplication" time="1.189" classname="com.sgtesng.dataprovider.TestNgAssignment3"/>
  <testcase name="launchBrowser" time="2.227" classname="com.sgtesng.dataprovider.TestNgAssignment4"/>
  <testcase name="navigate" time="8.112" classname="com.sgtesng.dataprovider.TestNgAssignment4"/>
  <testcase name="login" time="6.508" classname="com.sgtesng.dataprovider.TestNgAssignment4"/>
  <testcase name="createCustomer" time="16.192" classname="com.sgtesng.dataprovider.TestNgAssignment4"/>
  <testcase name="modifyCustomer" time="2.373" classname="com.sgtesng.dataprovider.TestNgAssignment4"/>
  <testcase name="deleteCustomer" time="2.132" classname="com.sgtesng.dataprovider.TestNgAssignment4"/>
  <testcase name="logout" time="2.343" classname="com.sgtesng.dataprovider.TestNgAssignment4"/>
  <testcase name="closeApplication" time="0.504" classname="com.sgtesng.dataprovider.TestNgAssignment4"/>
  <testcase name="launchBrowser" time="2.12" classname="com.sgtesng.dataprovider.TestNgAssignment5"/>
  <testcase name="navigate" time="7.718" classname="com.sgtesng.dataprovider.TestNgAssignment5"/>
  <testcase name="login" time="6.423" classname="com.sgtesng.dataprovider.TestNgAssignment5"/>
  <testcase name="createCustomer" time="16.268" classname="com.sgtesng.dataprovider.TestNgAssignment5"/>
  <testcase name="createProject" time="1.113" classname="com.sgtesng.dataprovider.TestNgAssignment5"/>
  <testcase name="deleteProject" time="0.027" classname="com.sgtesng.dataprovider.TestNgAssignment5"/>
  <testcase name="deleteCustomer" time="1.138" classname="com.sgtesng.dataprovider.TestNgAssignment5"/>
  <testcase name="logout" time="1.138" classname="com.sgtesng.dataprovider.TestNgAssignment5"/>
  <testcase name="closeApplication" time="0.856" classname="com.sgtesng.dataprovider.TestNgAssignment5"/>
</testsuite> <!-- Test case1 -->
