<?xml version="1.0" encoding="UTF-8"?>
<!-- Generated by org.testng.reporters.JUnitXMLReporter -->
<testsuite hostname="DESKTOP-S2RUCVN" ignored="0" name="Test cases" tests="6" failures="0" timestamp="2021-09-16T19:40:16 IST" time="76.47" errors="0">
  <testcase name="launchBrowser" time="21.763" classname="com.sgtesng.dataprovider.LoginLogoutDemo"/>
  <testcase name="navigate" time="14.406" classname="com.sgtesng.dataprovider.LoginLogoutDemo"/>
  <testcase name="login" time="16.272" classname="com.sgtesng.dataprovider.LoginLogoutDemo"/>
  <testcase name="login" time="9.972" classname="com.sgtesng.dataprovider.LoginLogoutDemo"/>
  <testcase name="login" time="10.424" classname="com.sgtesng.dataprovider.LoginLogoutDemo"/>
  <testcase name="closeApplication" time="3.536" classname="com.sgtesng.dataprovider.LoginLogoutDemo"/>
</testsuite> <!-- Test cases -->
