<?xml version="1.0" encoding="UTF-8"?>
<testng-results skipped="0" failed="0" ignored="0" total="7" passed="7">
  <reporter-output>
  </reporter-output>
  <suite name="Default suite" duration-ms="95833" started-at="2021-09-17T09:29:16 IST" finished-at="2021-09-17T09:30:52 IST">
    <groups>
    </groups>
    <test name="Default test" duration-ms="95833" started-at="2021-09-17T09:29:16 IST" finished-at="2021-09-17T09:30:52 IST">
      <class name="com.sgtesng.dataprovider.TestNgAssignment1">
        <test-method status="PASS" signature="launchBrowser()[pri:1, instance:com.sgtesng.dataprovider.TestNgAssignment1@46daef40]" name="launchBrowser" duration-ms="25888" started-at="2021-09-17T09:29:16 IST" finished-at="2021-09-17T09:29:42 IST">
          <reporter-output>
          </reporter-output>
        </test-method> <!-- launchBrowser -->
        <test-method status="PASS" signature="navigate()[pri:2, instance:com.sgtesng.dataprovider.TestNgAssignment1@46daef40]" name="navigate" duration-ms="20460" started-at="2021-09-17T09:29:42 IST" finished-at="2021-09-17T09:30:03 IST">
          <reporter-output>
          </reporter-output>
        </test-method> <!-- navigate -->
        <test-method status="PASS" signature="login(java.lang.String,java.lang.String)[pri:3, instance:com.sgtesng.dataprovider.TestNgAssignment1@46daef40]" name="login" duration-ms="18330" started-at="2021-09-17T09:30:03 IST" data-provider="getLoginData" finished-at="2021-09-17T09:30:21 IST">
          <params>
            <param index="0">
              <value>
                <![CDATA[admin]]>
              </value>
            </param>
            <param index="1">
              <value>
                <![CDATA[manager]]>
              </value>
            </param>
          </params>
          <reporter-output>
          </reporter-output>
        </test-method> <!-- login -->
        <test-method status="PASS" signature="createUser()[pri:4, instance:com.sgtesng.dataprovider.TestNgAssignment1@46daef40]" name="createUser" duration-ms="19529" started-at="2021-09-17T09:30:21 IST" finished-at="2021-09-17T09:30:40 IST">
          <reporter-output>
          </reporter-output>
        </test-method> <!-- createUser -->
        <test-method status="PASS" signature="deleteUser()[pri:5, instance:com.sgtesng.dataprovider.TestNgAssignment1@46daef40]" name="deleteUser" duration-ms="6384" started-at="2021-09-17T09:30:40 IST" finished-at="2021-09-17T09:30:47 IST">
          <reporter-output>
          </reporter-output>
        </test-method> <!-- deleteUser -->
        <test-method status="PASS" signature="logout()[pri:6, instance:com.sgtesng.dataprovider.TestNgAssignment1@46daef40]" name="logout" duration-ms="1936" started-at="2021-09-17T09:30:47 IST" finished-at="2021-09-17T09:30:49 IST">
          <reporter-output>
          </reporter-output>
        </test-method> <!-- logout -->
        <test-method status="PASS" signature="closeApplication()[pri:7, instance:com.sgtesng.dataprovider.TestNgAssignment1@46daef40]" name="closeApplication" duration-ms="3144" started-at="2021-09-17T09:30:49 IST" finished-at="2021-09-17T09:30:52 IST">
          <reporter-output>
          </reporter-output>
        </test-method> <!-- closeApplication -->
      </class> <!-- com.sgtesng.dataprovider.TestNgAssignment1 -->
    </test> <!-- Default test -->
  </suite> <!-- Default suite -->
</testng-results>
